# do {tb_sopc_compile.do}
# Model Technology ModelSim SE-64 vmap 10.4 Lib Mapping Utility 2014.12 Dec  3 2014
# vmap -modelsim_quiet xil_defaultlib modelsim_lib/msim/xil_defaultlib 
# Copying F:/modeltech64_10.4/win64/../modelsim.ini to modelsim.ini
# Modifying modelsim.ini
# ** Warning: Copied F:/modeltech64_10.4/win64/../modelsim.ini to modelsim.ini.
#          Updated modelsim.ini.
# Model Technology ModelSim SE-64 vlog 10.4 Compiler 2014.12 Dec  3 2014
# Start time: 16:54:53 on Jan 09,2022
# vlog -64 -incr -work xil_defaultlib ../../../../main_cpu_5.srcs/sources_1/new/Acc_memory.v ../../../../main_cpu_5.srcs/sources_1/new/Regfile.v ../../../../main_cpu_5.srcs/sources_1/new/class_choi.v ../../../../main_cpu_5.srcs/sources_1/new/de_ex.v ../../../../main_cpu_5.srcs/sources_1/new/decode_i.v ../../../../main_cpu_5.srcs/sources_1/new/decode_main.v ../../../../main_cpu_5.srcs/sources_1/new/decode_r.v ../../../../main_cpu_5.srcs/sources_1/new/ex_mem.v ../../../../main_cpu_5.srcs/sources_1/new/exe_choi.v ../../../../main_cpu_5.srcs/sources_1/new/exe_logic.v ../../../../main_cpu_5.srcs/sources_1/new/exe_shift.v ../../../../main_cpu_5.srcs/sources_1/new/execute.v ../../../../main_cpu_5.srcs/sources_1/new/fe_de.v ../../../../main_cpu_5.srcs/sources_1/new/fetch.v ../../../../main_cpu_5.srcs/sources_1/new/get_alusel.v ../../../../main_cpu_5.srcs/sources_1/new/get_ope_data.v ../../../../main_cpu_5.srcs/sources_1/new/mem_we.v ../../../../main_cpu_5.srcs/sources_1/new/rom.v ../../../../main_cpu_5.srcs/sources_1/new/small_cpu.v ../../../../main_cpu_5.srcs/sources_1/new/sopc.v ../../../../main_cpu_5.srcs/sim_1/new/tb_sopc.v 
# -- Compiling module Acc_memory
# -- Compiling module Regfile
# -- Compiling module class_choi
# -- Compiling module de_ex
# -- Compiling module decode_i
# -- Compiling module decode_main
# -- Compiling module decode_r
# -- Compiling module ex_mem
# -- Compiling module exe_choi
# -- Compiling module exe_logic
# -- Compiling module exe_shift
# -- Compiling module execute
# -- Compiling module fe_de
# -- Compiling module fetch
# -- Compiling module get_alusel
# -- Compiling module get_ope_data
# -- Compiling module mem_we
# -- Compiling module rom
# -- Compiling module small_cpu
# -- Compiling module sopc
# -- Compiling module tb_sopc
# 
# Top level modules:
# 	tb_sopc
# End time: 16:54:53 on Jan 09,2022, Elapsed time: 0:00:00
# Errors: 0, Warnings: 0
# Model Technology ModelSim SE-64 vlog 10.4 Compiler 2014.12 Dec  3 2014
# Start time: 16:54:53 on Jan 09,2022
# vlog -work xil_defaultlib glbl.v 
# -- Compiling module glbl
# 
# Top level modules:
# 	glbl
# End time: 16:54:53 on Jan 09,2022, Elapsed time: 0:00:00
# Errors: 0, Warnings: 0
