# //  ModelSim SE-64 10.4 Dec  3 2014 
# //
# //  Copyright 1991-2014 Mentor Graphics Corporation
# //  All Rights Reserved.
# //
# //  THIS WORK CONTAINS TRADE SECRET AND PROPRIETARY INFORMATION
# //  WHICH IS THE PROPERTY OF MENTOR GRAPHICS CORPORATION OR ITS
# //  LICENSORS AND IS SUBJECT TO LICENSE TERMS.
# //  THIS DOCUMENT CONTAINS TRADE SECRETS AND COMMERCIAL OR FINANCIAL
# //  INFORMATION THAT ARE PRIVILEGED, CONFIDENTIAL, AND EXEMPT FROM
# //  DISCLOSURE UNDER THE FREEDOM OF INFORMATION ACT, 5 U.S.C. SECTION 552.
# //  FURTHERMORE, THIS INFORMATION IS PROHIBITED FROM DISCLOSURE UNDER
# //  THE TRADE SECRETS ACT, 18 U.S.C. SECTION 1905.
# //
# do {tb_sopc_simulate.do}
# vsim -do "do {tb_sopc_simulate.do}" -l simulate.log 
# Start time: 16:55:11 on Jan 09,2022
# ** Note: (vsim-3812) Design is being optimized...
# 
# ** Error: (vopt-19) Failed to access library 'unisims_ver' at "unisims_ver".
# 
# No such file or directory. (errno = ENOENT)
# ** Error: (vopt-19) Failed to access library 'unimacro_ver' at "unimacro_ver".
# 
# No such file or directory. (errno = ENOENT)
# ** Error: (vopt-19) Failed to access library 'secureip' at "secureip".
# 
# No such file or directory. (errno = ENOENT)
# Error loading design
# Error: Error loading design
#        Pausing macro execution
# MACRO ./tb_sopc_simulate.do PAUSED at line 9
# End time: 16:55:22 on Jan 09,2022, Elapsed time: 0:00:11
# Errors: 3, Warnings: 0
